13:16:04.209 [main] INFO  java.lang.Class - Url is retrieved from properties file
13:16:04.231 [main] INFO  java.lang.Class - test Data file path is retrieved
13:16:04.386 [TestNG-tests-1] INFO  java.lang.Class - Chrome web driver path is retrieved
13:16:12.875 [TestNG-tests-1] ERROR java.lang.Class - No WebDriver session found it might had closed unexpectedly
13:16:12.877 [TestNG-tests-1] INFO  java.lang.Class - Chrome web driver path is retrieved
13:16:12.993 [TestNG-tests-1] ERROR java.lang.Class - No WebDriver session found it might had closed unexpectedly
13:16:13.444 [TestNG-tests-1] ERROR java.lang.Class - WebElement object for immerse element poiting to null
13:16:13.446 [TestNG-tests-1] ERROR java.lang.Class - WebElement object for immerse element poiting to null
13:16:13.447 [TestNG-tests-1] INFO  java.lang.Class - Chrome web driver path is retrieved
13:16:13.513 [TestNG-tests-1] ERROR java.lang.Class - No Main window found as WebDriver session was closed unexpectedly
13:16:13.520 [TestNG-tests-1] INFO  java.lang.Class - Chrome web driver path is retrieved
14:01:09.294 [main] INFO  java.lang.Class - Url is retrieved from properties file
14:01:09.332 [main] INFO  java.lang.Class - test Data file path is retrieved
14:01:09.430 [TestNG-tests-1] INFO  java.lang.Class - Chrome web driver path is retrieved
14:01:27.392 [TestNG-tests-1] ERROR java.lang.Class - No WebDriver session found it might had closed unexpectedly
14:01:27.393 [TestNG-tests-1] INFO  java.lang.Class - Chrome web driver path is retrieved
14:01:27.529 [TestNG-tests-1] ERROR java.lang.Class - No WebDriver session found it might had closed unexpectedly
14:01:28.671 [TestNG-tests-1] ERROR java.lang.Class - WebElement object for immerse element poiting to null
14:01:28.673 [TestNG-tests-1] ERROR java.lang.Class - WebElement object for immerse element poiting to null
14:01:28.673 [TestNG-tests-1] INFO  java.lang.Class - Chrome web driver path is retrieved
14:01:28.747 [TestNG-tests-1] ERROR java.lang.Class - No Main window found as WebDriver session was closed unexpectedly
14:01:28.755 [TestNG-tests-1] INFO  java.lang.Class - Chrome web driver path is retrieved
14:07:54.885 [main] INFO  java.lang.Class - Url is retrieved from properties file
14:07:54.919 [main] INFO  java.lang.Class - test Data file path is retrieved
14:07:54.981 [TestNG-tests-1] INFO  java.lang.Class - Chrome web driver path is retrieved
14:07:57.515 [TestNG-tests-1] ERROR java.lang.Class - No WebDriver session found it might had closed unexpectedly
14:07:57.516 [TestNG-tests-1] INFO  java.lang.Class - Chrome web driver path is retrieved
14:07:57.601 [TestNG-tests-1] ERROR java.lang.Class - No WebDriver session found it might had closed unexpectedly
14:07:58.352 [TestNG-tests-1] ERROR java.lang.Class - WebElement object for immerse element poiting to null
14:07:58.354 [TestNG-tests-1] ERROR java.lang.Class - WebElement object for immerse element poiting to null
14:07:58.355 [TestNG-tests-1] INFO  java.lang.Class - Chrome web driver path is retrieved
14:07:58.480 [TestNG-tests-1] ERROR java.lang.Class - No Main window found as WebDriver session was closed unexpectedly
14:07:58.488 [TestNG-tests-1] INFO  java.lang.Class - Chrome web driver path is retrieved
14:14:14.282 [main] INFO  java.lang.Class - Url is retrieved from properties file
14:14:14.292 [main] INFO  java.lang.Class - test Data file path is retrieved
14:14:14.340 [TestNG-tests-1] INFO  java.lang.Class - Chrome web driver path is retrieved
14:14:15.659 [TestNG-tests-1] ERROR java.lang.Class - No WebDriver session found it might had closed unexpectedly
14:14:15.660 [TestNG-tests-1] INFO  java.lang.Class - Chrome web driver path is retrieved
14:14:15.717 [TestNG-tests-1] ERROR java.lang.Class - No WebDriver session found it might had closed unexpectedly
14:14:19.060 [TestNG-tests-1] ERROR java.lang.Class - WebElement object for immerse element poiting to null
14:14:19.061 [TestNG-tests-1] ERROR java.lang.Class - WebElement object for immerse element poiting to null
14:14:19.061 [TestNG-tests-1] INFO  java.lang.Class - Chrome web driver path is retrieved
14:14:19.156 [TestNG-tests-1] ERROR java.lang.Class - No Main window found as WebDriver session was closed unexpectedly
14:14:19.160 [TestNG-tests-1] INFO  java.lang.Class - Chrome web driver path is retrieved
14:16:30.401 [main] INFO  java.lang.Class - Url is retrieved from properties file
14:16:30.411 [main] INFO  java.lang.Class - test Data file path is retrieved
14:16:30.456 [TestNG-tests-1] INFO  java.lang.Class - Chrome web driver path is retrieved
14:17:15.507 [TestNG-tests-1] ERROR java.lang.Class - No WebDriver session found it might had closed unexpectedly
14:17:15.510 [TestNG-tests-1] INFO  java.lang.Class - Chrome web driver path is retrieved
14:17:43.182 [TestNG-tests-1] ERROR java.lang.Class - No WebDriver session found it might had closed unexpectedly
14:17:53.077 [TestNG-tests-1] ERROR java.lang.Class - WebElement object for immerse element poiting to null
14:17:53.077 [TestNG-tests-1] ERROR java.lang.Class - WebElement object for immerse element poiting to null
14:17:53.078 [TestNG-tests-1] INFO  java.lang.Class - Chrome web driver path is retrieved
14:18:03.733 [TestNG-tests-1] ERROR java.lang.Class - No Main window found as WebDriver session was closed unexpectedly
14:18:03.765 [TestNG-tests-1] INFO  java.lang.Class - Chrome web driver path is retrieved
14:26:46.990 [main] INFO  java.lang.Class - Url is retrieved from properties file
14:26:47.017 [main] INFO  java.lang.Class - test Data file path is retrieved
14:26:47.062 [TestNG-tests-1] INFO  java.lang.Class - Chrome web driver path is retrieved
14:28:09.447 [TestNG-tests-1] INFO  java.lang.Class - WebDriver instance for browser Chrome launched successfully
14:28:09.463 [TestNG-tests-1] ERROR java.lang.Class - Url launched is not the expected
14:28:47.373 [TestNG-tests-1] INFO  java.lang.Class - ces element is present
14:28:54.982 [TestNG-tests-1] INFO  java.lang.Class - Image is captured successfully
14:29:10.381 [TestNG-tests-1] INFO  java.lang.Class - immerse element is present
14:29:11.583 [TestNG-tests-1] INFO  java.lang.Class - immerse link is clicked
14:29:48.199 [TestNG-tests-1] INFO  java.lang.Class - Window switched to Augmented reality page
14:29:59.290 [TestNG-tests-1] INFO  java.lang.Class - WebDriver instance for Chrome closed succesfully
14:50:10.801 [main] INFO  java.lang.Class - Url is retrieved from properties file
14:50:10.822 [main] INFO  java.lang.Class - test Data file path is retrieved
14:50:10.877 [TestNG-tests-1] INFO  java.lang.Class - Chrome web driver path is retrieved
14:51:08.877 [TestNG-tests-1] INFO  java.lang.Class - WebDriver instance for browser Chrome launched successfully
14:51:08.895 [TestNG-tests-1] ERROR java.lang.Class - Url launched is not the expected
14:51:51.767 [TestNG-tests-1] ERROR java.lang.Class - Ces Element is not present
14:52:13.199 [TestNG-tests-1] INFO  java.lang.Class - Image is captured successfully
14:52:33.510 [TestNG-tests-1] INFO  java.lang.Class - immerse element is present
14:52:36.422 [TestNG-tests-1] INFO  java.lang.Class - immerse link is clicked
14:53:04.903 [TestNG-tests-1] INFO  java.lang.Class - Window switched to Augmented reality page
14:53:14.670 [TestNG-tests-1] INFO  java.lang.Class - WebDriver instance for Chrome closed succesfully
14:56:56.555 [main] INFO  java.lang.Class - Url is retrieved from properties file
14:56:56.564 [main] INFO  java.lang.Class - test Data file path is retrieved
14:56:56.612 [TestNG-tests-1] INFO  java.lang.Class - Chrome web driver path is retrieved
14:57:49.854 [TestNG-tests-1] INFO  java.lang.Class - WebDriver instance for browser Chrome launched successfully
14:57:49.884 [TestNG-tests-1] ERROR java.lang.Class - Url launched is not the expected
14:58:25.496 [TestNG-tests-1] INFO  java.lang.Class - ces element is present
14:58:35.392 [TestNG-tests-1] INFO  java.lang.Class - Image is captured successfully
14:58:41.420 [TestNG-tests-1] INFO  java.lang.Class - immerse element is present
14:58:41.991 [TestNG-tests-1] INFO  java.lang.Class - immerse link is clicked
14:59:06.255 [TestNG-tests-1] INFO  java.lang.Class - Window switched to Augmented reality page
14:59:16.642 [TestNG-tests-1] INFO  java.lang.Class - WebDriver instance for Chrome closed succesfully
15:04:18.177 [main] INFO  java.lang.Class - Url is retrieved from properties file
15:04:18.187 [main] INFO  java.lang.Class - test Data file path is retrieved
15:04:18.234 [TestNG-tests-1] INFO  java.lang.Class - Chrome web driver path is retrieved
15:05:04.282 [TestNG-tests-1] INFO  java.lang.Class - WebDriver instance for browser Chrome launched successfully
15:05:04.319 [TestNG-tests-1] ERROR java.lang.Class - Url launched is not the expected
15:05:48.009 [TestNG-tests-1] INFO  java.lang.Class - ces element is present
15:05:58.467 [TestNG-tests-1] INFO  java.lang.Class - Image is captured successfully
15:06:07.114 [TestNG-tests-1] INFO  java.lang.Class - immerse element is present
15:06:08.165 [TestNG-tests-1] INFO  java.lang.Class - immerse link is clicked
15:06:41.041 [TestNG-tests-1] INFO  java.lang.Class - Window switched to Augmented reality page
15:06:44.808 [TestNG-tests-1] INFO  java.lang.Class - WebDriver instance for Chrome closed succesfully
16:16:27.499 [main] INFO  java.lang.Class - Url is retrieved from properties file
16:16:27.525 [main] INFO  java.lang.Class - test Data file path is retrieved
16:16:27.566 [TestNG-tests-1] INFO  java.lang.Class - Chrome web driver path is retrieved
16:17:51.297 [TestNG-tests-1] INFO  java.lang.Class - WebDriver instance for browser Chrome launched successfully
16:18:20.293 [TestNG-tests-1] INFO  java.lang.Class - expected Url is launched
16:18:25.878 [TestNG-tests-1] INFO  java.lang.Class - ces element is present
16:18:38.003 [TestNG-tests-1] INFO  java.lang.Class - Image is captured successfully
16:18:52.124 [TestNG-tests-1] INFO  java.lang.Class - immerse element is present
16:18:53.231 [TestNG-tests-1] INFO  java.lang.Class - immerse link is clicked
16:19:19.543 [TestNG-tests-1] INFO  java.lang.Class - Window switched to Augmented reality page
16:19:47.038 [TestNG-tests-1] INFO  java.lang.Class - WebDriver instance for Chrome closed succesfully
16:32:31.529 [main] INFO  java.lang.Class - Url is retrieved from properties file
16:32:31.568 [main] INFO  java.lang.Class - test Data file path is retrieved
16:32:31.638 [TestNG-tests-1] INFO  java.lang.Class - Chrome web driver path is retrieved
16:33:44.722 [TestNG-tests-1] INFO  java.lang.Class - WebDriver instance for browser Chrome launched successfully
16:33:44.738 [TestNG-tests-1] ERROR java.lang.Class - Url launched is not the expected
16:34:21.186 [TestNG-tests-1] INFO  java.lang.Class - ces element is present
16:34:34.571 [TestNG-tests-1] INFO  java.lang.Class - Image is captured successfully
16:34:47.210 [TestNG-tests-1] INFO  java.lang.Class - immerse element is present
16:34:48.125 [TestNG-tests-1] INFO  java.lang.Class - immerse link is clicked
16:35:21.285 [TestNG-tests-1] INFO  java.lang.Class - Window switched to Augmented reality page
16:35:29.659 [TestNG-tests-1] INFO  java.lang.Class - WebDriver instance for Chrome closed succesfully
16:46:11.853 [main] INFO  java.lang.Class - Url is retrieved from properties file
16:46:11.960 [main] INFO  java.lang.Class - test Data file path is retrieved
16:46:12.103 [TestNG-tests-1] INFO  java.lang.Class - Chrome web driver path is retrieved
16:48:07.259 [TestNG-tests-1] INFO  java.lang.Class - WebDriver instance for browser Chrome launched successfully
16:48:07.276 [TestNG-tests-1] ERROR java.lang.Class - Url launched is not the expected
16:48:40.021 [TestNG-tests-1] ERROR java.lang.Class - Ces Element is not present
16:49:10.273 [TestNG-tests-1] ERROR java.lang.Class - wait time exceeded for The Image Element
16:49:46.669 [TestNG-tests-1] ERROR java.lang.Class - immerse element is not present
16:50:17.040 [TestNG-tests-1] ERROR java.lang.Class - immerse link is not available to click
16:50:19.583 [TestNG-tests-1] INFO  java.lang.Class - WebDriver instance for Chrome closed succesfully
16:56:38.286 [main] INFO  java.lang.Class - Url is retrieved from properties file
16:56:38.493 [main] INFO  java.lang.Class - test Data file path is retrieved
16:56:38.914 [TestNG-tests-1] INFO  java.lang.Class - Chrome web driver path is retrieved
16:57:26.488 [TestNG-tests-1] ERROR java.lang.Class - No WebDriver session found it might had closed unexpectedly
16:57:26.811 [TestNG-tests-1] INFO  java.lang.Class - Chrome web driver path is retrieved
16:58:35.161 [TestNG-tests-1] ERROR java.lang.Class - WebElement CesElement object is pointing to null
16:58:53.097 [TestNG-tests-1] ERROR java.lang.Class - WebElement object for immerse element poiting to null
16:58:53.097 [TestNG-tests-1] ERROR java.lang.Class - WebElement object for immerse element poiting to null
16:59:00.930 [TestNG-tests-1] INFO  java.lang.Class - WebDriver instance for Chrome closed succesfully
17:00:41.501 [main] INFO  java.lang.Class - Url is retrieved from properties file
17:00:41.518 [main] INFO  java.lang.Class - test Data file path is retrieved
17:00:41.568 [TestNG-tests-1] INFO  java.lang.Class - Chrome web driver path is retrieved
17:01:28.162 [TestNG-tests-1] INFO  java.lang.Class - WebDriver instance for browser Chrome launched successfully
17:01:28.186 [TestNG-tests-1] ERROR java.lang.Class - Url launched is not the expected
17:01:56.137 [TestNG-tests-1] INFO  java.lang.Class - ces element is present
17:02:11.569 [TestNG-tests-1] INFO  java.lang.Class - Image is captured successfully
17:02:19.269 [TestNG-tests-1] INFO  java.lang.Class - immerse element is present
17:02:19.923 [TestNG-tests-1] INFO  java.lang.Class - immerse link is clicked
17:02:45.743 [TestNG-tests-1] INFO  java.lang.Class - Window switched to Augmented reality page
17:02:52.634 [TestNG-tests-1] INFO  java.lang.Class - WebDriver instance for Chrome closed succesfully
17:27:16.624 [main] INFO  java.lang.Class - Url is retrieved from properties file
17:27:16.652 [main] INFO  java.lang.Class - test Data file path is retrieved
17:27:16.717 [TestNG-tests-1] INFO  java.lang.Class - Chrome web driver path is retrieved
17:28:16.160 [TestNG-tests-1] INFO  java.lang.Class - WebDriver instance for browser Chrome launched successfully
17:28:16.200 [TestNG-tests-1] ERROR java.lang.Class - Url launched is not the expected
17:29:07.327 [TestNG-tests-1] INFO  java.lang.Class - ces element is present
17:29:21.639 [TestNG-tests-1] INFO  java.lang.Class - Image is captured successfully
17:29:41.299 [TestNG-tests-1] INFO  java.lang.Class - immerse element is present
17:29:41.928 [TestNG-tests-1] INFO  java.lang.Class - immerse link is clicked
17:30:10.981 [TestNG-tests-1] INFO  java.lang.Class - Window switched to Augmented reality page
17:30:23.938 [TestNG-tests-1] INFO  java.lang.Class - WebDriver instance for Chrome closed succesfully
17:32:23.341 [main] INFO  java.lang.Class - Url is retrieved from properties file
17:32:23.358 [main] INFO  java.lang.Class - test Data file path is retrieved
17:32:23.405 [TestNG-tests-1] INFO  java.lang.Class - Chrome web driver path is retrieved
17:33:05.558 [TestNG-tests-1] INFO  java.lang.Class - WebDriver instance for browser Chrome launched successfully
17:33:05.579 [TestNG-tests-1] ERROR java.lang.Class - Url launched is not the expected
17:33:28.003 [TestNG-tests-1] INFO  java.lang.Class - ces element is present
17:33:39.102 [TestNG-tests-1] INFO  java.lang.Class - Image is captured successfully
17:33:49.205 [TestNG-tests-1] INFO  java.lang.Class - immerse element is present
17:33:49.923 [TestNG-tests-1] INFO  java.lang.Class - immerse link is clicked
17:34:32.198 [TestNG-tests-1] INFO  java.lang.Class - Window switched to Augmented reality page
17:34:40.486 [TestNG-tests-1] INFO  java.lang.Class - WebDriver instance for Chrome closed succesfully
17:49:16.543 [main] INFO  java.lang.Class - Url is retrieved from properties file
17:49:16.578 [main] INFO  java.lang.Class - test Data file path is retrieved
17:49:16.628 [TestNG-tests-1] INFO  java.lang.Class - Chrome web driver path is retrieved
17:50:13.453 [TestNG-tests-1] INFO  java.lang.Class - WebDriver instance for browser Chrome launched successfully
17:50:13.733 [TestNG-tests-1] ERROR java.lang.Class - Url launched is not the expected
17:50:51.694 [TestNG-tests-1] INFO  java.lang.Class - ces element is present
17:51:00.692 [TestNG-tests-1] INFO  java.lang.Class - Image is captured successfully
17:51:15.635 [TestNG-tests-1] INFO  java.lang.Class - immerse element is present
17:51:16.554 [TestNG-tests-1] INFO  java.lang.Class - immerse link is clicked
17:51:52.869 [TestNG-tests-1] INFO  java.lang.Class - Window switched to Augmented reality page
17:52:06.649 [TestNG-tests-1] INFO  java.lang.Class - WebDriver instance for Chrome closed succesfully
17:58:23.313 [main] INFO  java.lang.Class - Url is retrieved from properties file
17:58:23.329 [main] INFO  java.lang.Class - test Data file path is retrieved
17:58:23.368 [TestNG-tests-1] INFO  java.lang.Class - Chrome web driver path is retrieved
17:58:58.411 [TestNG-tests-1] INFO  java.lang.Class - WebDriver instance for browser Chrome launched successfully
17:58:58.435 [TestNG-tests-1] ERROR java.lang.Class - Url launched is not the expected
17:59:14.714 [TestNG-tests-1] INFO  java.lang.Class - ces element is present
17:59:18.898 [TestNG-tests-1] INFO  java.lang.Class - Image is captured successfully
17:59:34.463 [TestNG-tests-1] INFO  java.lang.Class - immerse element is present
17:59:35.255 [TestNG-tests-1] INFO  java.lang.Class - immerse link is clicked
18:00:21.091 [TestNG-tests-1] INFO  java.lang.Class - Window switched to Augmented reality page
18:00:50.987 [TestNG-tests-1] INFO  java.lang.Class - WebDriver instance for Chrome closed succesfully
18:16:19.969 [main] INFO  java.lang.Class - Url is retrieved from properties file
18:16:20.001 [main] INFO  java.lang.Class - test Data file path is retrieved
18:16:20.145 [TestNG-tests-1] INFO  java.lang.Class - Chrome web driver path is retrieved
18:17:03.540 [TestNG-tests-1] INFO  java.lang.Class - WebDriver instance for browser Chrome launched successfully
18:17:03.605 [TestNG-tests-1] ERROR java.lang.Class - Url launched is not the expected
18:17:40.828 [TestNG-tests-1] INFO  java.lang.Class - ces element is present
18:18:03.686 [TestNG-tests-1] INFO  java.lang.Class - Image is captured successfully
18:18:12.613 [TestNG-tests-1] INFO  java.lang.Class - immerse element is present
18:18:13.967 [TestNG-tests-1] INFO  java.lang.Class - immerse link is clicked
18:18:47.684 [TestNG-tests-1] INFO  java.lang.Class - Window switched to Augmented reality page
18:19:01.519 [TestNG-tests-1] INFO  java.lang.Class - WebDriver instance for Chrome closed succesfully
18:21:43.994 [main] INFO  java.lang.Class - Url is retrieved from properties file
18:21:44.009 [main] INFO  java.lang.Class - test Data file path is retrieved
18:21:44.049 [TestNG-tests-1] INFO  java.lang.Class - Chrome web driver path is retrieved
18:22:12.555 [TestNG-tests-1] INFO  java.lang.Class - WebDriver instance for browser Chrome launched successfully
18:22:12.791 [TestNG-tests-1] ERROR java.lang.Class - Url launched is not the expected
18:22:45.166 [TestNG-tests-1] INFO  java.lang.Class - ces element is present
18:22:58.683 [TestNG-tests-1] INFO  java.lang.Class - Image is captured successfully
18:23:10.220 [TestNG-tests-1] INFO  java.lang.Class - immerse element is present
18:23:11.203 [TestNG-tests-1] INFO  java.lang.Class - immerse link is clicked
18:23:34.376 [TestNG-tests-1] INFO  java.lang.Class - Window switched to Augmented reality page
18:23:42.487 [TestNG-tests-1] INFO  java.lang.Class - WebDriver instance for Chrome closed succesfully
18:29:05.400 [main] INFO  java.lang.Class - Url is retrieved from properties file
18:29:05.415 [main] INFO  java.lang.Class - test Data file path is retrieved
18:29:05.455 [TestNG-tests-1] INFO  java.lang.Class - Chrome web driver path is retrieved
18:29:35.914 [TestNG-tests-1] INFO  java.lang.Class - WebDriver instance for browser Chrome launched successfully
18:29:35.936 [TestNG-tests-1] ERROR java.lang.Class - Url launched is not the expected
18:30:06.764 [TestNG-tests-1] ERROR java.lang.Class - Ces Element is not present
18:30:45.552 [TestNG-tests-1] INFO  java.lang.Class - Image is captured successfully
18:30:51.568 [TestNG-tests-1] INFO  java.lang.Class - immerse element is present
18:30:52.322 [TestNG-tests-1] INFO  java.lang.Class - immerse link is clicked
18:31:26.858 [TestNG-tests-1] INFO  java.lang.Class - Window switched to Augmented reality page
18:31:35.751 [TestNG-tests-1] INFO  java.lang.Class - WebDriver instance for Chrome closed succesfully
18:38:27.946 [main] INFO  java.lang.Class - Url is retrieved from properties file
18:38:28.023 [main] INFO  java.lang.Class - test Data file path is retrieved
18:38:28.152 [TestNG-tests-1] INFO  java.lang.Class - Chrome web driver path is retrieved
18:39:15.109 [TestNG-tests-1] INFO  java.lang.Class - WebDriver instance for browser Chrome launched successfully
18:39:15.132 [TestNG-tests-1] ERROR java.lang.Class - Url launched is not the expected
18:39:49.144 [TestNG-tests-1] INFO  java.lang.Class - ces element is present
18:40:09.404 [TestNG-tests-1] INFO  java.lang.Class - Image is captured successfully
18:40:26.493 [TestNG-tests-1] INFO  java.lang.Class - immerse element is present
18:40:28.413 [TestNG-tests-1] INFO  java.lang.Class - immerse link is clicked
18:41:11.018 [TestNG-tests-1] INFO  java.lang.Class - Window switched to Augmented reality page
18:41:31.739 [TestNG-tests-1] INFO  java.lang.Class - WebDriver instance for Chrome closed succesfully
18:44:38.980 [main] INFO  java.lang.Class - Url is retrieved from properties file
18:44:39.029 [main] INFO  java.lang.Class - test Data file path is retrieved
18:44:39.091 [TestNG-tests-1] INFO  java.lang.Class - Chrome web driver path is retrieved
18:45:34.194 [TestNG-tests-1] INFO  java.lang.Class - WebDriver instance for browser Chrome launched successfully
18:45:34.218 [TestNG-tests-1] ERROR java.lang.Class - Url launched is not the expected
18:46:01.864 [TestNG-tests-1] INFO  java.lang.Class - ces element is present
18:46:06.805 [TestNG-tests-1] INFO  java.lang.Class - Image is captured successfully
18:46:15.889 [TestNG-tests-1] INFO  java.lang.Class - immerse element is present
18:46:16.878 [TestNG-tests-1] INFO  java.lang.Class - immerse link is clicked
18:46:41.757 [TestNG-tests-1] INFO  java.lang.Class - Window switched to Augmented reality page
18:46:50.546 [TestNG-tests-1] INFO  java.lang.Class - WebDriver instance for Chrome closed succesfully
18:56:15.789 [main] INFO  java.lang.Class - Url is retrieved from properties file
18:56:15.823 [main] INFO  java.lang.Class - test Data file path is retrieved
18:56:15.864 [TestNG-tests-1] INFO  java.lang.Class - Chrome web driver path is retrieved
18:57:14.861 [TestNG-tests-1] INFO  java.lang.Class - WebDriver instance for browser Chrome launched successfully
18:57:22.744 [TestNG-tests-1] ERROR java.lang.Class - Url launched is not the expected
18:58:04.585 [TestNG-tests-1] INFO  java.lang.Class - ces element is present
18:58:15.072 [TestNG-tests-1] INFO  java.lang.Class - Image is captured successfully
18:58:26.232 [TestNG-tests-1] INFO  java.lang.Class - immerse element is present
18:58:28.159 [TestNG-tests-1] INFO  java.lang.Class - immerse link is clicked
18:58:55.622 [TestNG-tests-1] INFO  java.lang.Class - Window switched to Augmented reality page
18:59:09.712 [TestNG-tests-1] INFO  java.lang.Class - WebDriver instance for Chrome closed succesfully
19:05:30.889 [main] INFO  java.lang.Class - Url is retrieved from properties file
19:05:30.917 [main] INFO  java.lang.Class - test Data file path is retrieved
19:05:31.040 [TestNG-tests-1] INFO  java.lang.Class - Chrome web driver path is retrieved
19:06:15.752 [TestNG-tests-1] INFO  java.lang.Class - WebDriver instance for browser Chrome launched successfully
19:06:15.849 [TestNG-tests-1] ERROR java.lang.Class - Url launched is not the expected
19:07:03.678 [TestNG-tests-1] INFO  java.lang.Class - ces element is present
19:07:06.371 [TestNG-tests-1] INFO  java.lang.Class - Image is captured successfully
19:07:11.426 [TestNG-tests-1] INFO  java.lang.Class - immerse element is present
19:07:12.141 [TestNG-tests-1] INFO  java.lang.Class - immerse link is clicked
19:07:48.805 [TestNG-tests-1] INFO  java.lang.Class - Window switched to Augmented reality page
19:07:54.623 [TestNG-tests-1] INFO  java.lang.Class - WebDriver instance for Chrome closed succesfully
19:15:17.003 [main] INFO  java.lang.Class - Url is retrieved from properties file
19:15:17.018 [main] INFO  java.lang.Class - test Data file path is retrieved
19:15:17.060 [TestNG-tests-1] INFO  java.lang.Class - Chrome web driver path is retrieved
19:15:49.050 [TestNG-tests-1] INFO  java.lang.Class - WebDriver instance for browser Chrome launched successfully
19:15:49.073 [TestNG-tests-1] ERROR java.lang.Class - Url launched is not the expected
19:16:07.315 [TestNG-tests-1] INFO  java.lang.Class - ces element is present
19:16:20.293 [TestNG-tests-1] INFO  java.lang.Class - Image is captured successfully
19:16:38.941 [TestNG-tests-1] INFO  java.lang.Class - immerse element is present
19:16:40.277 [TestNG-tests-1] INFO  java.lang.Class - immerse link is clicked
19:17:10.391 [TestNG-tests-1] INFO  java.lang.Class - Window switched to Augmented reality page
19:17:27.650 [TestNG-tests-1] INFO  java.lang.Class - WebDriver instance for Chrome closed succesfully
19:26:23.451 [main] INFO  java.lang.Class - Url is retrieved from properties file
19:26:23.488 [main] INFO  java.lang.Class - test Data file path is retrieved
19:26:23.608 [TestNG-tests-1] INFO  java.lang.Class - Chrome web driver path is retrieved
19:27:14.868 [TestNG-tests-1] INFO  java.lang.Class - WebDriver instance for browser Chrome launched successfully
19:27:14.888 [TestNG-tests-1] ERROR java.lang.Class - Url launched is not the expected
19:27:45.198 [TestNG-tests-1] INFO  java.lang.Class - ces element is present
19:27:50.516 [TestNG-tests-1] INFO  java.lang.Class - Image is captured successfully
19:27:57.606 [TestNG-tests-1] INFO  java.lang.Class - immerse element is present
19:27:58.232 [TestNG-tests-1] INFO  java.lang.Class - immerse link is clicked
19:28:30.861 [TestNG-tests-1] INFO  java.lang.Class - Window switched to Augmented reality page
19:28:39.710 [TestNG-tests-1] INFO  java.lang.Class - WebDriver instance for Chrome closed succesfully
19:37:05.753 [main] INFO  java.lang.Class - Url is retrieved from properties file
19:37:05.790 [main] INFO  java.lang.Class - test Data file path is retrieved
19:37:05.910 [TestNG-tests-1] INFO  java.lang.Class - Chrome web driver path is retrieved
19:37:48.626 [TestNG-tests-1] INFO  java.lang.Class - WebDriver instance for browser Chrome launched successfully
19:37:48.642 [TestNG-tests-1] ERROR java.lang.Class - Url launched is not the expected
19:38:37.897 [TestNG-tests-1] INFO  java.lang.Class - ces element is present
19:38:44.507 [TestNG-tests-1] INFO  java.lang.Class - Image is captured successfully
19:38:52.399 [TestNG-tests-1] INFO  java.lang.Class - immerse element is present
19:38:52.994 [TestNG-tests-1] INFO  java.lang.Class - immerse link is clicked
19:39:21.244 [TestNG-tests-1] INFO  java.lang.Class - Window switched to Augmented reality page
19:39:28.650 [TestNG-tests-1] INFO  java.lang.Class - WebDriver instance for Chrome closed succesfully
19:41:54.974 [main] INFO  java.lang.Class - Url is retrieved from properties file
19:41:54.984 [main] INFO  java.lang.Class - test Data file path is retrieved
19:41:55.024 [TestNG-tests-1] INFO  java.lang.Class - Chrome web driver path is retrieved
19:42:24.032 [TestNG-tests-1] INFO  java.lang.Class - WebDriver instance for browser Chrome launched successfully
19:42:24.047 [TestNG-tests-1] ERROR java.lang.Class - Url launched is not the expected
19:42:52.551 [TestNG-tests-1] INFO  java.lang.Class - ces element is present
19:43:04.592 [TestNG-tests-1] INFO  java.lang.Class - Image is captured successfully
19:43:13.834 [TestNG-tests-1] INFO  java.lang.Class - immerse element is present
19:43:15.081 [TestNG-tests-1] INFO  java.lang.Class - immerse link is clicked
19:43:39.090 [TestNG-tests-1] INFO  java.lang.Class - Window switched to Augmented reality page
19:43:46.637 [TestNG-tests-1] INFO  java.lang.Class - WebDriver instance for Chrome closed succesfully
19:48:24.922 [main] INFO  java.lang.Class - Url is retrieved from properties file
19:48:24.931 [main] INFO  java.lang.Class - test Data file path is retrieved
19:48:24.973 [TestNG-tests-1] INFO  java.lang.Class - Chrome web driver path is retrieved
19:48:57.694 [TestNG-tests-1] INFO  java.lang.Class - WebDriver instance for browser Chrome launched successfully
19:48:57.709 [TestNG-tests-1] ERROR java.lang.Class - Url launched is not the expected
19:49:17.749 [TestNG-tests-1] INFO  java.lang.Class - ces element is present
19:49:35.199 [TestNG-tests-1] INFO  java.lang.Class - Image is captured successfully
19:49:54.801 [TestNG-tests-1] INFO  java.lang.Class - immerse element is present
19:49:57.018 [TestNG-tests-1] INFO  java.lang.Class - immerse link is clicked
19:50:49.737 [TestNG-tests-1] INFO  java.lang.Class - Window switched to Augmented reality page
19:51:05.874 [TestNG-tests-1] INFO  java.lang.Class - WebDriver instance for Chrome closed succesfully
19:54:58.310 [main] INFO  java.lang.Class - Url is retrieved from properties file
19:54:58.443 [main] INFO  java.lang.Class - test Data file path is retrieved
19:54:58.664 [TestNG-tests-1] INFO  java.lang.Class - Chrome web driver path is retrieved
19:56:14.226 [TestNG-tests-1] INFO  java.lang.Class - WebDriver instance for browser Chrome launched successfully
19:56:14.250 [TestNG-tests-1] ERROR java.lang.Class - Url launched is not the expected
19:56:51.866 [TestNG-tests-1] INFO  java.lang.Class - ces element is present
19:56:56.762 [TestNG-tests-1] INFO  java.lang.Class - Image is captured successfully
19:57:04.817 [TestNG-tests-1] INFO  java.lang.Class - immerse element is present
19:57:06.348 [TestNG-tests-1] INFO  java.lang.Class - immerse link is clicked
19:57:36.821 [TestNG-tests-1] INFO  java.lang.Class - Window switched to Augmented reality page
19:57:51.462 [TestNG-tests-1] INFO  java.lang.Class - WebDriver instance for Chrome closed succesfully
20:01:31.306 [main] INFO  java.lang.Class - Url is retrieved from properties file
20:01:31.317 [main] INFO  java.lang.Class - test Data file path is retrieved
20:01:31.357 [TestNG-tests-1] INFO  java.lang.Class - Chrome web driver path is retrieved
20:02:30.981 [TestNG-tests-1] INFO  java.lang.Class - WebDriver instance for browser Chrome launched successfully
20:02:31.004 [TestNG-tests-1] ERROR java.lang.Class - Url launched is not the expected
20:03:01.235 [TestNG-tests-1] INFO  java.lang.Class - ces element is present
20:03:12.067 [TestNG-tests-1] INFO  java.lang.Class - Image is captured successfully
20:03:21.371 [TestNG-tests-1] INFO  java.lang.Class - immerse element is present
20:03:22.046 [TestNG-tests-1] INFO  java.lang.Class - immerse link is clicked
20:03:51.941 [TestNG-tests-1] INFO  java.lang.Class - Window switched to Augmented reality page
20:04:00.009 [TestNG-tests-1] INFO  java.lang.Class - WebDriver instance for Chrome closed succesfully
20:06:54.895 [main] INFO  java.lang.Class - Url is retrieved from properties file
20:06:54.915 [main] INFO  java.lang.Class - test Data file path is retrieved
20:06:54.955 [TestNG-tests-1] INFO  java.lang.Class - Chrome web driver path is retrieved
20:08:11.321 [TestNG-tests-1] INFO  java.lang.Class - WebDriver instance for browser Chrome launched successfully
20:08:39.350 [TestNG-tests-1] INFO  java.lang.Class - expected Url is launched
20:08:40.953 [TestNG-tests-1] INFO  java.lang.Class - ces element is present
20:08:45.585 [TestNG-tests-1] INFO  java.lang.Class - Image is captured successfully
20:08:52.882 [TestNG-tests-1] INFO  java.lang.Class - immerse element is present
20:08:53.592 [TestNG-tests-1] INFO  java.lang.Class - immerse link is clicked
20:09:19.395 [TestNG-tests-1] INFO  java.lang.Class - Window switched to Augmented reality page
20:09:43.645 [TestNG-tests-1] INFO  java.lang.Class - WebDriver instance for Chrome closed succesfully
20:13:03.642 [main] INFO  java.lang.Class - Url is retrieved from properties file
20:13:03.652 [main] INFO  java.lang.Class - test Data file path is retrieved
20:13:03.693 [TestNG-tests-1] INFO  java.lang.Class - Chrome web driver path is retrieved
20:13:52.259 [TestNG-tests-1] INFO  java.lang.Class - WebDriver instance for browser Chrome launched successfully
20:13:52.282 [TestNG-tests-1] ERROR java.lang.Class - Url launched is not the expected
20:14:15.568 [TestNG-tests-1] INFO  java.lang.Class - ces element is present
20:14:38.091 [TestNG-tests-1] INFO  java.lang.Class - Image is captured successfully
20:15:02.996 [TestNG-tests-1] INFO  java.lang.Class - immerse element is present
20:15:04.367 [TestNG-tests-1] INFO  java.lang.Class - immerse link is clicked
20:15:35.100 [TestNG-tests-1] INFO  java.lang.Class - Window switched to Augmented reality page
20:15:46.138 [TestNG-tests-1] INFO  java.lang.Class - WebDriver instance for Chrome closed succesfully
20:20:42.466 [main] INFO  java.lang.Class - Url is retrieved from properties file
20:20:42.476 [main] INFO  java.lang.Class - test Data file path is retrieved
20:20:42.517 [TestNG-tests-1] INFO  java.lang.Class - Chrome web driver path is retrieved
20:21:20.016 [TestNG-tests-1] INFO  java.lang.Class - WebDriver instance for browser Chrome launched successfully
20:21:20.044 [TestNG-tests-1] ERROR java.lang.Class - Url launched is not the expected
20:21:38.177 [TestNG-tests-1] INFO  java.lang.Class - ces element is present
20:21:48.360 [TestNG-tests-1] INFO  java.lang.Class - Image is captured successfully
20:21:59.783 [TestNG-tests-1] INFO  java.lang.Class - immerse element is present
20:22:01.020 [TestNG-tests-1] INFO  java.lang.Class - immerse link is clicked
20:22:25.000 [TestNG-tests-1] INFO  java.lang.Class - Window switched to Augmented reality page
20:22:34.910 [TestNG-tests-1] INFO  java.lang.Class - WebDriver instance for Chrome closed succesfully
20:26:16.766 [main] INFO  java.lang.Class - Url is retrieved from properties file
20:26:16.777 [main] INFO  java.lang.Class - test Data file path is retrieved
20:26:16.818 [TestNG-tests-1] INFO  java.lang.Class - Chrome web driver path is retrieved
20:27:11.241 [TestNG-tests-1] INFO  java.lang.Class - WebDriver instance for browser Chrome launched successfully
20:27:11.264 [TestNG-tests-1] ERROR java.lang.Class - Url launched is not the expected
20:27:40.626 [TestNG-tests-1] INFO  java.lang.Class - ces element is present
20:27:48.183 [TestNG-tests-1] INFO  java.lang.Class - Image is captured successfully
20:27:59.887 [TestNG-tests-1] INFO  java.lang.Class - immerse element is present
20:28:01.145 [TestNG-tests-1] INFO  java.lang.Class - immerse link is clicked
20:28:25.930 [TestNG-tests-1] INFO  java.lang.Class - Window switched to Augmented reality page
20:28:47.542 [TestNG-tests-1] INFO  java.lang.Class - WebDriver instance for Chrome closed succesfully
20:38:09.258 [main] INFO  java.lang.Class - Url is retrieved from properties file
20:38:09.269 [main] INFO  java.lang.Class - test Data file path is retrieved
20:38:09.309 [TestNG-tests-1] INFO  java.lang.Class - Chrome web driver path is retrieved
20:38:48.109 [TestNG-tests-1] INFO  java.lang.Class - WebDriver instance for browser Chrome launched successfully
20:38:48.127 [TestNG-tests-1] ERROR java.lang.Class - Url launched is not the expected
20:39:13.560 [TestNG-tests-1] INFO  java.lang.Class - ces element is present
20:39:28.126 [TestNG-tests-1] INFO  java.lang.Class - Image is captured successfully
20:39:48.298 [TestNG-tests-1] INFO  java.lang.Class - immerse element is present
20:39:49.768 [TestNG-tests-1] INFO  java.lang.Class - immerse link is clicked
20:40:25.635 [TestNG-tests-1] INFO  java.lang.Class - Window switched to Augmented reality page
20:40:34.698 [TestNG-tests-1] INFO  java.lang.Class - WebDriver instance for Chrome closed succesfully
20:45:49.087 [main] INFO  java.lang.Class - Url is retrieved from properties file
20:45:49.099 [main] INFO  java.lang.Class - test Data file path is retrieved
20:45:49.144 [TestNG-tests-1] INFO  java.lang.Class - Chrome web driver path is retrieved
20:46:39.067 [TestNG-tests-1] INFO  java.lang.Class - WebDriver instance for browser Chrome launched successfully
20:46:39.178 [TestNG-tests-1] ERROR java.lang.Class - Url launched is not the expected
20:47:38.007 [TestNG-tests-1] INFO  java.lang.Class - ces element is present
20:47:47.402 [TestNG-tests-1] INFO  java.lang.Class - Image is captured successfully
20:47:53.316 [TestNG-tests-1] INFO  java.lang.Class - immerse element is present
20:47:54.034 [TestNG-tests-1] INFO  java.lang.Class - immerse link is clicked
20:48:14.978 [TestNG-tests-1] INFO  java.lang.Class - Window switched to Augmented reality page
20:48:23.451 [TestNG-tests-1] INFO  java.lang.Class - WebDriver instance for Chrome closed succesfully
21:58:52.877 [main] INFO  java.lang.Class - Url is retrieved from properties file
21:58:52.959 [main] INFO  java.lang.Class - test Data file path is retrieved
21:58:53.134 [TestNG-tests-1] INFO  java.lang.Class - Chrome web driver path is retrieved
22:01:44.537 [TestNG-tests-1] INFO  java.lang.Class - WebDriver instance for browser Chrome launched successfully
22:02:17.095 [TestNG-tests-1] INFO  java.lang.Class - expected Url is launched
22:02:26.866 [TestNG-tests-1] INFO  java.lang.Class - ces element is present
22:03:11.759 [TestNG-tests-1] INFO  java.lang.Class - Image is captured successfully
22:04:02.372 [TestNG-tests-1] INFO  java.lang.Class - immerse element is present
22:04:07.433 [TestNG-tests-1] INFO  java.lang.Class - immerse link is clicked
22:05:24.087 [TestNG-tests-1] INFO  java.lang.Class - Window switched to Augmented reality page
22:09:34.022 [main] INFO  java.lang.Class - Url is retrieved from properties file
22:09:34.033 [main] INFO  java.lang.Class - test Data file path is retrieved
22:09:34.075 [TestNG-tests-1] INFO  java.lang.Class - Chrome web driver path is retrieved
22:10:58.487 [TestNG-tests-1] ERROR java.lang.Class - No WebDriver session found it might had closed unexpectedly
22:10:58.772 [TestNG-tests-1] ERROR java.lang.Class - WebElement CesElement object is pointing to null
22:11:19.940 [TestNG-tests-1] ERROR java.lang.Class - WebElement object for immerse element poiting to null
22:11:19.940 [TestNG-tests-1] ERROR java.lang.Class - WebElement object for immerse element poiting to null
22:11:24.559 [TestNG-tests-1] ERROR java.lang.Class - No Main window found as WebDriver session was closed unexpectedly
22:11:25.931 [TestNG-tests-1] INFO  java.lang.Class - WebDriver instance for Chrome closed succesfully
22:15:11.990 [main] INFO  java.lang.Class - Url is retrieved from properties file
22:15:12.092 [main] INFO  java.lang.Class - test Data file path is retrieved
22:15:12.275 [TestNG-tests-1] INFO  java.lang.Class - Chrome web driver path is retrieved
22:16:38.250 [TestNG-tests-1] INFO  java.lang.Class - WebDriver instance for browser Chrome launched successfully
22:16:38.670 [TestNG-tests-1] ERROR java.lang.Class - Url launched is not the expected
22:17:12.920 [TestNG-tests-1] ERROR java.lang.Class - Ces Element is not present
22:17:43.341 [TestNG-tests-1] ERROR java.lang.Class - wait time exceeded for The Image Element
22:18:25.428 [TestNG-tests-1] INFO  java.lang.Class - immerse element is present
22:18:26.641 [TestNG-tests-1] INFO  java.lang.Class - immerse link is clicked
22:19:10.527 [TestNG-tests-1] INFO  java.lang.Class - Window switched to Augmented reality page
22:19:25.955 [TestNG-tests-1] INFO  java.lang.Class - WebDriver instance for Chrome closed succesfully
22:33:44.567 [main] INFO  java.lang.Class - Url is retrieved from properties file
22:33:44.588 [main] INFO  java.lang.Class - test Data file path is retrieved
22:33:44.629 [TestNG-tests-1] INFO  java.lang.Class - Chrome web driver path is retrieved
22:36:55.639 [TestNG-tests-1] INFO  java.lang.Class - WebDriver instance for browser Chrome launched successfully
22:36:55.871 [TestNG-tests-1] INFO  java.lang.Class - expected Url is launched
22:36:57.772 [TestNG-tests-1] INFO  java.lang.Class - ces element is present
22:37:46.738 [TestNG-tests-1] INFO  java.lang.Class - Image is captured successfully
22:38:09.557 [TestNG-tests-1] INFO  java.lang.Class - immerse element is present
22:38:10.759 [TestNG-tests-1] INFO  java.lang.Class - immerse link is clicked
22:39:05.114 [TestNG-tests-1] INFO  java.lang.Class - Window switched to Augmented reality page
22:39:42.802 [TestNG-tests-1] INFO  java.lang.Class - WebDriver instance for Chrome closed succesfully
22:42:38.818 [main] INFO  java.lang.Class - Url is retrieved from properties file
22:42:38.839 [main] INFO  java.lang.Class - test Data file path is retrieved
22:42:38.889 [TestNG-tests-1] INFO  java.lang.Class - Chrome web driver path is retrieved
22:45:12.100 [TestNG-tests-1] INFO  java.lang.Class - WebDriver instance for browser Chrome launched successfully
22:45:12.658 [TestNG-tests-1] INFO  java.lang.Class - expected Url is launched
22:45:14.723 [TestNG-tests-1] INFO  java.lang.Class - ces element is present
22:45:38.880 [TestNG-tests-1] INFO  java.lang.Class - Image is captured successfully
22:46:01.458 [TestNG-tests-1] INFO  java.lang.Class - immerse element is present
22:46:02.525 [TestNG-tests-1] INFO  java.lang.Class - immerse link is clicked
22:46:38.276 [TestNG-tests-1] INFO  java.lang.Class - Window switched to Augmented reality page
22:47:15.528 [TestNG-tests-1] INFO  java.lang.Class - WebDriver instance for Chrome closed succesfully
22:52:14.751 [main] INFO  java.lang.Class - Url is retrieved from properties file
22:52:14.813 [main] INFO  java.lang.Class - test Data file path is retrieved
22:52:15.031 [TestNG-tests-1] INFO  java.lang.Class - Chrome web driver path is retrieved
22:55:11.125 [TestNG-tests-1] INFO  java.lang.Class - WebDriver instance for browser Chrome launched successfully
22:55:11.412 [TestNG-tests-1] INFO  java.lang.Class - expected Url is launched
22:55:12.804 [TestNG-tests-1] INFO  java.lang.Class - ces element is present
22:55:36.670 [TestNG-tests-1] INFO  java.lang.Class - Image is captured successfully
22:55:58.035 [TestNG-tests-1] INFO  java.lang.Class - immerse element is present
22:56:03.246 [TestNG-tests-1] INFO  java.lang.Class - immerse link is clicked
22:56:40.624 [TestNG-tests-1] INFO  java.lang.Class - Window switched to Augmented reality page
23:05:20.619 [main] INFO  java.lang.Class - Url is retrieved from properties file
23:05:20.695 [main] INFO  java.lang.Class - test Data file path is retrieved
23:05:20.810 [TestNG-tests-1] INFO  java.lang.Class - Chrome web driver path is retrieved
23:08:33.963 [TestNG-tests-1] INFO  java.lang.Class - WebDriver instance for browser Chrome launched successfully
23:08:34.103 [TestNG-tests-1] INFO  java.lang.Class - expected Url is launched
23:08:36.033 [TestNG-tests-1] INFO  java.lang.Class - ces element is present
23:08:47.922 [TestNG-tests-1] INFO  java.lang.Class - Image is captured successfully
23:09:07.224 [TestNG-tests-1] INFO  java.lang.Class - immerse element is present
23:09:08.878 [TestNG-tests-1] INFO  java.lang.Class - immerse link is clicked
23:09:47.331 [TestNG-tests-1] INFO  java.lang.Class - Window switched to Augmented reality page
23:10:16.070 [TestNG-tests-1] INFO  java.lang.Class - WebDriver instance for Chrome closed succesfully
23:15:44.374 [main] INFO  java.lang.Class - Url is retrieved from properties file
23:15:44.403 [main] INFO  java.lang.Class - test Data file path is retrieved
23:15:44.532 [TestNG-tests-1] INFO  java.lang.Class - Chrome web driver path is retrieved
23:17:10.137 [TestNG-tests-1] INFO  java.lang.Class - WebDriver instance for browser Chrome launched successfully
23:17:11.150 [TestNG-tests-1] INFO  java.lang.Class - expected Url is launched
23:17:12.126 [TestNG-tests-1] INFO  java.lang.Class - ces element is present
23:17:30.713 [TestNG-tests-1] INFO  java.lang.Class - Image is captured successfully
23:17:43.277 [TestNG-tests-1] INFO  java.lang.Class - immerse element is present
23:17:44.700 [TestNG-tests-1] INFO  java.lang.Class - immerse link is clicked
23:18:24.623 [TestNG-tests-1] INFO  java.lang.Class - Window switched to Augmented reality page
23:18:52.632 [TestNG-tests-1] INFO  java.lang.Class - WebDriver instance for Chrome closed succesfully
23:25:17.747 [main] INFO  java.lang.Class - Url is retrieved from properties file
23:25:17.781 [main] INFO  java.lang.Class - test Data file path is retrieved
23:25:17.832 [TestNG-tests-1] INFO  java.lang.Class - Chrome web driver path is retrieved
23:26:50.592 [TestNG-tests-1] INFO  java.lang.Class - WebDriver instance for browser Chrome launched successfully
23:26:50.617 [TestNG-tests-1] INFO  java.lang.Class - expected Url is launched
23:26:52.408 [TestNG-tests-1] INFO  java.lang.Class - ces element is present
23:27:15.627 [TestNG-tests-1] INFO  java.lang.Class - Image is captured successfully
23:27:37.664 [TestNG-tests-1] INFO  java.lang.Class - immerse element is present
23:27:38.626 [TestNG-tests-1] INFO  java.lang.Class - immerse link is clicked
23:28:08.103 [TestNG-tests-1] INFO  java.lang.Class - Window switched to Augmented reality page
23:28:26.989 [TestNG-tests-1] INFO  java.lang.Class - WebDriver instance for Chrome closed succesfully
23:43:47.049 [main] INFO  java.lang.Class - Url is retrieved from properties file
23:43:47.091 [main] INFO  java.lang.Class - test Data file path is retrieved
23:43:47.131 [TestNG-tests-1] INFO  java.lang.Class - Chrome web driver path is retrieved
23:45:47.302 [TestNG-tests-1] INFO  java.lang.Class - WebDriver instance for browser Chrome launched successfully
23:45:47.576 [TestNG-tests-1] INFO  java.lang.Class - expected Url is launched
23:45:49.979 [TestNG-tests-1] INFO  java.lang.Class - ces element is present
23:46:02.482 [TestNG-tests-1] INFO  java.lang.Class - Image is captured successfully
23:46:11.971 [TestNG-tests-1] INFO  java.lang.Class - immerse element is present
23:46:12.543 [TestNG-tests-1] INFO  java.lang.Class - immerse link is clicked
23:46:49.641 [TestNG-tests-1] INFO  java.lang.Class - Window switched to Augmented reality page
10:03:03.382 [main] INFO  java.lang.Class - Url is retrieved from properties file
10:03:03.456 [main] INFO  java.lang.Class - test Data file path is retrieved
10:03:03.596 [TestNG-tests-1] INFO  java.lang.Class - Chrome web driver path is retrieved
10:03:10.726 [TestNG-tests-1] ERROR java.lang.Class - No WebDriver session found it might had closed unexpectedly
10:03:10.726 [TestNG-tests-1] INFO  java.lang.Class - Chrome web driver path is retrieved
10:03:10.820 [TestNG-tests-1] ERROR java.lang.Class - No WebDriver session found it might had closed unexpectedly
10:03:15.075 [TestNG-tests-1] ERROR java.lang.Class - WebElement object for immerse element poiting to null
10:03:15.076 [TestNG-tests-1] ERROR java.lang.Class - WebElement object for immerse element poiting to null
10:03:15.076 [TestNG-tests-1] INFO  java.lang.Class - Chrome web driver path is retrieved
10:03:15.161 [TestNG-tests-1] ERROR java.lang.Class - No Main window found as WebDriver session was closed unexpectedly
10:03:15.166 [TestNG-tests-1] INFO  java.lang.Class - Chrome web driver path is retrieved
10:05:01.922 [main] INFO  java.lang.Class - Url is retrieved from properties file
10:05:01.932 [main] INFO  java.lang.Class - test Data file path is retrieved
10:05:01.973 [TestNG-tests-1] INFO  java.lang.Class - Chrome web driver path is retrieved
10:06:53.310 [TestNG-tests-1] INFO  java.lang.Class - WebDriver instance for browser Chrome launched successfully
10:06:53.329 [TestNG-tests-1] INFO  java.lang.Class - expected Url is launched
10:06:54.103 [TestNG-tests-1] INFO  java.lang.Class - ces element is present
10:07:06.170 [TestNG-tests-1] INFO  java.lang.Class - Image is captured successfully
10:07:16.486 [TestNG-tests-1] INFO  java.lang.Class - immerse element is present
10:07:17.265 [TestNG-tests-1] INFO  java.lang.Class - immerse link is clicked
10:07:45.819 [TestNG-tests-1] INFO  java.lang.Class - Window switched to Augmented reality page
10:08:01.125 [TestNG-tests-1] INFO  java.lang.Class - WebDriver instance for Chrome closed succesfully
15:06:31.944 [main] INFO  java.lang.Class - Url is retrieved from properties file
15:06:32.024 [main] INFO  java.lang.Class - test Data file path is retrieved
15:06:32.093 [TestNG-tests-1] INFO  java.lang.Class - Chrome web driver path is retrieved
15:08:50.001 [TestNG-tests-1] INFO  java.lang.Class - WebDriver instance for browser Chrome launched successfully
15:08:50.024 [TestNG-tests-1] INFO  java.lang.Class - expected Url is launched
15:08:50.788 [TestNG-tests-1] INFO  java.lang.Class - ces element is present
15:09:05.602 [TestNG-tests-1] INFO  java.lang.Class - Image is captured successfully
15:09:12.884 [TestNG-tests-1] INFO  java.lang.Class - immerse element is present
15:09:13.386 [TestNG-tests-1] INFO  java.lang.Class - immerse link is clicked
15:09:57.392 [TestNG-tests-1] INFO  java.lang.Class - Window switched to Augmented reality page
15:10:13.364 [TestNG-tests-1] INFO  java.lang.Class - WebDriver instance for Chrome closed succesfully
16:16:50.450 [main] INFO  java.lang.Class - Url is retrieved from properties file
16:16:50.533 [main] INFO  java.lang.Class - test Data file path is retrieved
16:16:50.632 [TestNG-tests-1] INFO  java.lang.Class - Chrome web driver path is retrieved
16:18:22.636 [TestNG-tests-1] INFO  java.lang.Class - WebDriver instance for browser Chrome launched successfully
16:18:22.652 [TestNG-tests-1] INFO  java.lang.Class - expected Url is launched
16:18:23.035 [TestNG-tests-1] INFO  java.lang.Class - ces element is present
16:18:32.190 [TestNG-tests-1] INFO  java.lang.Class - Image is captured successfully
16:18:45.554 [TestNG-tests-1] INFO  java.lang.Class - immerse element is present
16:18:46.766 [TestNG-tests-1] INFO  java.lang.Class - immerse link is clicked
16:19:22.603 [TestNG-tests-1] INFO  java.lang.Class - Window switched to Augmented reality page
16:19:31.850 [TestNG-tests-1] INFO  java.lang.Class - WebDriver instance for Chrome closed succesfully
17:03:51.182 [main] INFO  java.lang.Class - Url is retrieved from properties file
17:03:51.281 [main] INFO  java.lang.Class - test Data file path is retrieved
17:03:51.367 [TestNG-tests-1] INFO  java.lang.Class - Chrome web driver path is retrieved
17:05:48.758 [TestNG-tests-1] INFO  java.lang.Class - WebDriver instance for browser Chrome launched successfully
17:05:48.785 [TestNG-tests-1] INFO  java.lang.Class - expected Url is launched
17:05:49.503 [TestNG-tests-1] INFO  java.lang.Class - ces element is present
17:05:57.500 [TestNG-tests-1] INFO  java.lang.Class - Image is captured successfully
17:06:04.671 [TestNG-tests-1] INFO  java.lang.Class - immerse element is present
17:06:05.401 [TestNG-tests-1] INFO  java.lang.Class - immerse link is clicked
17:06:35.619 [TestNG-tests-1] INFO  java.lang.Class - Window switched to Augmented reality page
